11:28:05.357 INFO [GridLauncherV3.parse] - Selenium server version: 3.141.59, revision: e82be7d358
11:28:05.431 INFO [GridLauncherV3.lambda$buildLaunchers$3] - Launching a standalone Selenium Server on port 4444
2019-03-28 11:28:05.463:INFO::main: Logging initialized @295ms to org.seleniumhq.jetty9.util.log.StdErrLog
11:28:05.632 INFO [WebDriverServlet.<init>] - Initialising WebDriverServlet
11:28:05.743 INFO [SeleniumServer.boot] - Selenium Server is up and running on port 4444
11:28:06.080 INFO [ActiveSessionFactory.apply] - Capabilities are: {
  "acceptSslCerts": true,
  "browserName": "chrome",
  "chromeOptions": {
    "args": [
      "disable-web-security",
      "ignore-certificate-errors",
      "--test-type"
    ]
  },
  "name": "Test"
}
11:28:06.081 INFO [ActiveSessionFactory.lambda$apply$11] - Matched factory org.openqa.selenium.grid.session.remote.ServicedSession$Factory (provider: org.openqa.selenium.chrome.ChromeDriverService)
Starting ChromeDriver 2.45.615291 (ec3682e3c9061c10f26ea9e5cdcf3c53f3f74387) on port 26897
Only local connections are allowed.
11:28:09.690 INFO [ProtocolHandshake.createSession] - Detected dialect: OSS
11:28:09.969 INFO [RemoteSession$Factory.lambda$performHandshake$0] - Started new session e303fe1e8d00e475cb4c871383fa2890 (org.openqa.selenium.chrome.ChromeDriverService)
11:28:49.308 INFO [ActiveSessions$1.onStop] - Removing session e303fe1e8d00e475cb4c871383fa2890 (org.openqa.selenium.chrome.ChromeDriverService)
